{"C:\\Users\\pbria\\Desktop\\hrla19\\senior\\thesis\\wayfare-api\\rest-server\\src\\index.js": {"path":"C:\\Users\\pbria\\Desktop\\hrla19\\senior\\thesis\\wayfare-api\\rest-server\\src\\index.js","statementMap":{"0":{"start":{"line":8,"column":12},"end":{"line":8,"column":23}},"1":{"start":{"line":10,"column":22},"end":{"line":10,"column":44}},"2":{"start":{"line":11,"column":13},"end":{"line":11,"column":37}},"3":{"start":{"line":13,"column":0},"end":{"line":16,"column":3}},"4":{"start":{"line":14,"column":2},"end":{"line":14,"column":27}},"5":{"start":{"line":14,"column":11},"end":{"line":14,"column":27}},"6":{"start":{"line":15,"column":2},"end":{"line":15,"column":55}}},"fnMap":{"0":{"name":"(anonymous_0)","decl":{"start":{"line":13,"column":20},"end":{"line":13,"column":21}},"loc":{"start":{"line":13,"column":29},"end":{"line":16,"column":1}},"line":13}},"branchMap":{"0":{"loc":{"start":{"line":11,"column":13},"end":{"line":11,"column":37}},"type":"binary-expr","locations":[{"start":{"line":11,"column":13},"end":{"line":11,"column":29}},{"start":{"line":11,"column":33},"end":{"line":11,"column":37}}],"line":11},"1":{"loc":{"start":{"line":14,"column":2},"end":{"line":14,"column":27}},"type":"if","locations":[{"start":{"line":14,"column":2},"end":{"line":14,"column":27}},{"start":{"line":14,"column":2},"end":{"line":14,"column":27}}],"line":14}},"s":{"0":1,"1":1,"2":1,"3":1,"4":1,"5":0,"6":1},"f":{"0":1},"b":{"0":[1,0],"1":[0,1]},"_coverageSchema":"332fd63041d2c1bcb487cc26dd0d5f7d97098a6c","hash":"c824ed5d5ce0fd9995ff72ac60e0a891249d0b5b"}
,"C:\\Users\\pbria\\Desktop\\hrla19\\senior\\thesis\\wayfare-api\\rest-server\\src\\components\\auth\\authController.js": {"path":"C:\\Users\\pbria\\Desktop\\hrla19\\senior\\thesis\\wayfare-api\\rest-server\\src\\components\\auth\\authController.js","statementMap":{"0":{"start":{"line":8,"column":22},"end":{"line":15,"column":1}},"1":{"start":{"line":17,"column":0},"end":{"line":17,"column":40}},"2":{"start":{"line":19,"column":32},"end":{"line":40,"column":1}},"3":{"start":{"line":20,"column":2},"end":{"line":39,"column":3}},"4":{"start":{"line":21,"column":21},"end":{"line":21,"column":108}},"5":{"start":{"line":22,"column":16},"end":{"line":22,"column":46}},"6":{"start":{"line":23,"column":14},"end":{"line":23,"column":42}},"7":{"start":{"line":24,"column":15},"end":{"line":24,"column":28}},"8":{"start":{"line":25,"column":16},"end":{"line":25,"column":30}},"9":{"start":{"line":27,"column":4},"end":{"line":34,"column":5}},"10":{"start":{"line":28,"column":19},"end":{"line":28,"column":61}},"11":{"start":{"line":29,"column":15},"end":{"line":29,"column":30}},"12":{"start":{"line":30,"column":6},"end":{"line":30,"column":135}},"13":{"start":{"line":32,"column":6},"end":{"line":32,"column":72}},"14":{"start":{"line":33,"column":6},"end":{"line":33,"column":49}},"15":{"start":{"line":36,"column":4},"end":{"line":36,"column":84}},"16":{"start":{"line":37,"column":4},"end":{"line":37,"column":47}},"17":{"start":{"line":42,"column":31},"end":{"line":61,"column":1}},"18":{"start":{"line":43,"column":2},"end":{"line":60,"column":3}},"19":{"start":{"line":44,"column":21},"end":{"line":44,"column":104}},"20":{"start":{"line":45,"column":16},"end":{"line":45,"column":46}},"21":{"start":{"line":46,"column":14},"end":{"line":46,"column":42}},"22":{"start":{"line":48,"column":4},"end":{"line":56,"column":5}},"23":{"start":{"line":49,"column":19},"end":{"line":49,"column":47}},"24":{"start":{"line":50,"column":6},"end":{"line":50,"column":53}},"25":{"start":{"line":51,"column":15},"end":{"line":51,"column":30}},"26":{"start":{"line":52,"column":6},"end":{"line":52,"column":110}},"27":{"start":{"line":54,"column":6},"end":{"line":54,"column":43}},"28":{"start":{"line":55,"column":6},"end":{"line":55,"column":49}},"29":{"start":{"line":58,"column":4},"end":{"line":58,"column":54}},"30":{"start":{"line":59,"column":4},"end":{"line":59,"column":39}},"31":{"start":{"line":63,"column":32},"end":{"line":76,"column":1}},"32":{"start":{"line":64,"column":2},"end":{"line":75,"column":3}},"33":{"start":{"line":65,"column":4},"end":{"line":72,"column":7}},"34":{"start":{"line":66,"column":6},"end":{"line":66,"column":41}},"35":{"start":{"line":67,"column":6},"end":{"line":67,"column":76}},"36":{"start":{"line":69,"column":6},"end":{"line":69,"column":46}},"37":{"start":{"line":70,"column":6},"end":{"line":70,"column":74}},"38":{"start":{"line":74,"column":4},"end":{"line":74,"column":25}}},"fnMap":{"0":{"name":"(anonymous_0)","decl":{"start":{"line":19,"column":32},"end":{"line":19,"column":33}},"loc":{"start":{"line":19,"column":52},"end":{"line":40,"column":1}},"line":19},"1":{"name":"(anonymous_1)","decl":{"start":{"line":42,"column":31},"end":{"line":42,"column":32}},"loc":{"start":{"line":42,"column":51},"end":{"line":61,"column":1}},"line":42},"2":{"name":"(anonymous_2)","decl":{"start":{"line":63,"column":32},"end":{"line":63,"column":33}},"loc":{"start":{"line":63,"column":52},"end":{"line":76,"column":1}},"line":63},"3":{"name":"(anonymous_3)","decl":{"start":{"line":65,"column":35},"end":{"line":65,"column":36}},"loc":{"start":{"line":65,"column":46},"end":{"line":68,"column":5}},"line":65},"4":{"name":"(anonymous_4)","decl":{"start":{"line":68,"column":13},"end":{"line":68,"column":14}},"loc":{"start":{"line":68,"column":29},"end":{"line":72,"column":5}},"line":68}},"branchMap":{},"s":{"0":1,"1":1,"2":1,"3":0,"4":0,"5":0,"6":0,"7":0,"8":0,"9":0,"10":0,"11":0,"12":0,"13":0,"14":0,"15":0,"16":0,"17":1,"18":0,"19":0,"20":0,"21":0,"22":0,"23":0,"24":0,"25":0,"26":0,"27":0,"28":0,"29":0,"30":0,"31":1,"32":0,"33":0,"34":0,"35":0,"36":0,"37":0,"38":0},"f":{"0":0,"1":0,"2":0,"3":0,"4":0},"b":{},"_coverageSchema":"332fd63041d2c1bcb487cc26dd0d5f7d97098a6c","hash":"e6a69ea5e44b91fb29ada2f1d53bb9488479bea8"}
,"C:\\Users\\pbria\\Desktop\\hrla19\\senior\\thesis\\wayfare-api\\rest-server\\src\\components\\auth\\authQuery.js": {"path":"C:\\Users\\pbria\\Desktop\\hrla19\\senior\\thesis\\wayfare-api\\rest-server\\src\\components\\auth\\authQuery.js","statementMap":{"0":{"start":{"line":8,"column":27},"end":{"line":17,"column":1}},"1":{"start":{"line":9,"column":2},"end":{"line":16,"column":3}},"2":{"start":{"line":10,"column":24},"end":{"line":10,"column":61}},"3":{"start":{"line":11,"column":17},"end":{"line":11,"column":49}},"4":{"start":{"line":12,"column":4},"end":{"line":12,"column":70}},"5":{"start":{"line":13,"column":4},"end":{"line":13,"column":15}},"6":{"start":{"line":15,"column":4},"end":{"line":15,"column":26}},"7":{"start":{"line":19,"column":26},"end":{"line":29,"column":1}},"8":{"start":{"line":20,"column":2},"end":{"line":28,"column":3}},"9":{"start":{"line":21,"column":24},"end":{"line":21,"column":47}},"10":{"start":{"line":22,"column":17},"end":{"line":22,"column":49}},"11":{"start":{"line":24,"column":4},"end":{"line":24,"column":71}},"12":{"start":{"line":25,"column":4},"end":{"line":25,"column":16}},"13":{"start":{"line":27,"column":4},"end":{"line":27,"column":25}}},"fnMap":{"0":{"name":"(anonymous_0)","decl":{"start":{"line":8,"column":27},"end":{"line":8,"column":28}},"loc":{"start":{"line":8,"column":62},"end":{"line":17,"column":1}},"line":8},"1":{"name":"(anonymous_1)","decl":{"start":{"line":19,"column":26},"end":{"line":19,"column":27}},"loc":{"start":{"line":19,"column":48},"end":{"line":29,"column":1}},"line":19}},"branchMap":{},"s":{"0":1,"1":0,"2":0,"3":0,"4":0,"5":0,"6":0,"7":1,"8":0,"9":0,"10":0,"11":0,"12":0,"13":0},"f":{"0":0,"1":0},"b":{},"_coverageSchema":"332fd63041d2c1bcb487cc26dd0d5f7d97098a6c","hash":"9e981bc1ddf26a2103f0bd9969e10999322a9ccc"}
,"C:\\Users\\pbria\\Desktop\\hrla19\\senior\\thesis\\wayfare-api\\rest-server\\src\\components\\auth\\authRouter.js": {"path":"C:\\Users\\pbria\\Desktop\\hrla19\\senior\\thesis\\wayfare-api\\rest-server\\src\\components\\auth\\authRouter.js","statementMap":{"0":{"start":{"line":9,"column":15},"end":{"line":9,"column":31}},"1":{"start":{"line":11,"column":0},"end":{"line":12,"column":25}},"2":{"start":{"line":13,"column":0},"end":{"line":14,"column":24}},"3":{"start":{"line":15,"column":0},"end":{"line":16,"column":24}}},"fnMap":{},"branchMap":{},"s":{"0":1,"1":1,"2":1,"3":1},"f":{},"b":{},"_coverageSchema":"332fd63041d2c1bcb487cc26dd0d5f7d97098a6c","hash":"b0d39b113ff5bbaa49e53abf0e17d2427241c442"}
,"C:\\Users\\pbria\\Desktop\\hrla19\\senior\\thesis\\wayfare-api\\rest-server\\src\\components\\auth\\authSQLHelper.js": {"path":"C:\\Users\\pbria\\Desktop\\hrla19\\senior\\thesis\\wayfare-api\\rest-server\\src\\components\\auth\\authSQLHelper.js","statementMap":{"0":{"start":{"line":1,"column":28},"end":{"line":7,"column":1}},"1":{"start":{"line":2,"column":2},"end":{"line":6,"column":4}},"2":{"start":{"line":9,"column":27},"end":{"line":15,"column":1}},"3":{"start":{"line":10,"column":2},"end":{"line":14,"column":4}}},"fnMap":{"0":{"name":"(anonymous_0)","decl":{"start":{"line":1,"column":28},"end":{"line":1,"column":29}},"loc":{"start":{"line":1,"column":57},"end":{"line":7,"column":1}},"line":1},"1":{"name":"(anonymous_1)","decl":{"start":{"line":9,"column":27},"end":{"line":9,"column":28}},"loc":{"start":{"line":9,"column":43},"end":{"line":15,"column":1}},"line":9}},"branchMap":{},"s":{"0":1,"1":0,"2":1,"3":0},"f":{"0":0,"1":0},"b":{},"_coverageSchema":"332fd63041d2c1bcb487cc26dd0d5f7d97098a6c","hash":"c82f0efaeeef7b40e63e818b18ee90aa6f15a8c3"}
,"C:\\Users\\pbria\\Desktop\\hrla19\\senior\\thesis\\wayfare-api\\rest-server\\src\\components\\users\\usersController.js": {"path":"C:\\Users\\pbria\\Desktop\\hrla19\\senior\\thesis\\wayfare-api\\rest-server\\src\\components\\users\\usersController.js","statementMap":{"0":{"start":{"line":6,"column":33},"end":{"line":15,"column":1}},"1":{"start":{"line":7,"column":2},"end":{"line":14,"column":3}},"2":{"start":{"line":8,"column":4},"end":{"line":8,"column":37}},"3":{"start":{"line":9,"column":17},"end":{"line":9,"column":50}},"4":{"start":{"line":10,"column":4},"end":{"line":10,"column":76}},"5":{"start":{"line":11,"column":4},"end":{"line":11,"column":38}},"6":{"start":{"line":13,"column":4},"end":{"line":13,"column":25}},"7":{"start":{"line":17,"column":34},"end":{"line":26,"column":1}},"8":{"start":{"line":18,"column":2},"end":{"line":18,"column":19}},"9":{"start":{"line":19,"column":2},"end":{"line":25,"column":3}},"10":{"start":{"line":20,"column":17},"end":{"line":20,"column":46}},"11":{"start":{"line":21,"column":4},"end":{"line":21,"column":76}},"12":{"start":{"line":22,"column":4},"end":{"line":22,"column":38}},"13":{"start":{"line":24,"column":4},"end":{"line":24,"column":25}}},"fnMap":{"0":{"name":"(anonymous_0)","decl":{"start":{"line":6,"column":33},"end":{"line":6,"column":34}},"loc":{"start":{"line":6,"column":53},"end":{"line":15,"column":1}},"line":6},"1":{"name":"(anonymous_1)","decl":{"start":{"line":17,"column":34},"end":{"line":17,"column":35}},"loc":{"start":{"line":17,"column":54},"end":{"line":26,"column":1}},"line":17}},"branchMap":{},"s":{"0":1,"1":2,"2":2,"3":2,"4":2,"5":2,"6":0,"7":1,"8":0,"9":0,"10":0,"11":0,"12":0,"13":0},"f":{"0":2,"1":0},"b":{},"_coverageSchema":"332fd63041d2c1bcb487cc26dd0d5f7d97098a6c","hash":"2a3dc6d99fd9a4e8310980d8c7bf0c942ac0f5ce"}
,"C:\\Users\\pbria\\Desktop\\hrla19\\senior\\thesis\\wayfare-api\\rest-server\\src\\components\\users\\usersQuery.js": {"path":"C:\\Users\\pbria\\Desktop\\hrla19\\senior\\thesis\\wayfare-api\\rest-server\\src\\components\\users\\usersQuery.js","statementMap":{"0":{"start":{"line":8,"column":28},"end":{"line":17,"column":1}},"1":{"start":{"line":9,"column":2},"end":{"line":16,"column":3}},"2":{"start":{"line":10,"column":24},"end":{"line":10,"column":42}},"3":{"start":{"line":11,"column":17},"end":{"line":11,"column":49}},"4":{"start":{"line":12,"column":4},"end":{"line":12,"column":70}},"5":{"start":{"line":13,"column":4},"end":{"line":13,"column":15}},"6":{"start":{"line":15,"column":4},"end":{"line":15,"column":26}},"7":{"start":{"line":19,"column":29},"end":{"line":33,"column":1}},"8":{"start":{"line":20,"column":2},"end":{"line":20,"column":22}},"9":{"start":{"line":21,"column":2},"end":{"line":32,"column":3}},"10":{"start":{"line":22,"column":24},"end":{"line":26,"column":5}},"11":{"start":{"line":27,"column":17},"end":{"line":27,"column":49}},"12":{"start":{"line":28,"column":4},"end":{"line":28,"column":70}},"13":{"start":{"line":29,"column":4},"end":{"line":29,"column":15}},"14":{"start":{"line":31,"column":4},"end":{"line":31,"column":26}}},"fnMap":{"0":{"name":"(anonymous_0)","decl":{"start":{"line":8,"column":28},"end":{"line":8,"column":29}},"loc":{"start":{"line":8,"column":43},"end":{"line":17,"column":1}},"line":8},"1":{"name":"(anonymous_1)","decl":{"start":{"line":19,"column":29},"end":{"line":19,"column":30}},"loc":{"start":{"line":19,"column":45},"end":{"line":33,"column":1}},"line":19}},"branchMap":{},"s":{"0":1,"1":2,"2":2,"3":2,"4":2,"5":2,"6":0,"7":1,"8":0,"9":0,"10":0,"11":0,"12":0,"13":0,"14":0},"f":{"0":2,"1":0},"b":{},"_coverageSchema":"332fd63041d2c1bcb487cc26dd0d5f7d97098a6c","hash":"3c136472c2b5cd704005477b03dea310714c9d06"}
,"C:\\Users\\pbria\\Desktop\\hrla19\\senior\\thesis\\wayfare-api\\rest-server\\src\\components\\users\\usersRouter.js": {"path":"C:\\Users\\pbria\\Desktop\\hrla19\\senior\\thesis\\wayfare-api\\rest-server\\src\\components\\users\\usersRouter.js","statementMap":{"0":{"start":{"line":8,"column":15},"end":{"line":8,"column":31}},"1":{"start":{"line":10,"column":0},"end":{"line":11,"column":25}},"2":{"start":{"line":13,"column":0},"end":{"line":14,"column":27}}},"fnMap":{},"branchMap":{},"s":{"0":1,"1":1,"2":1},"f":{},"b":{},"_coverageSchema":"332fd63041d2c1bcb487cc26dd0d5f7d97098a6c","hash":"e3f4918abd814e5334aac1cbb0cbd59fcb495822"}
,"C:\\Users\\pbria\\Desktop\\hrla19\\senior\\thesis\\wayfare-api\\rest-server\\src\\components\\users\\usersSQLHelper.js": {"path":"C:\\Users\\pbria\\Desktop\\hrla19\\senior\\thesis\\wayfare-api\\rest-server\\src\\components\\users\\usersSQLHelper.js","statementMap":{"0":{"start":{"line":1,"column":29},"end":{"line":6,"column":1}},"1":{"start":{"line":2,"column":2},"end":{"line":5,"column":4}},"2":{"start":{"line":8,"column":30},"end":{"line":24,"column":1}},"3":{"start":{"line":9,"column":2},"end":{"line":9,"column":20}},"4":{"start":{"line":10,"column":2},"end":{"line":23,"column":3}}},"fnMap":{"0":{"name":"(anonymous_0)","decl":{"start":{"line":1,"column":29},"end":{"line":1,"column":30}},"loc":{"start":{"line":1,"column":38},"end":{"line":6,"column":1}},"line":1},"1":{"name":"(anonymous_1)","decl":{"start":{"line":8,"column":30},"end":{"line":8,"column":31}},"loc":{"start":{"line":8,"column":52},"end":{"line":24,"column":1}},"line":8}},"branchMap":{},"s":{"0":1,"1":2,"2":1,"3":0,"4":0},"f":{"0":2,"1":0},"b":{},"_coverageSchema":"332fd63041d2c1bcb487cc26dd0d5f7d97098a6c","hash":"c5b3909b96b5df8414ba51e316f44353130671b8"}
,"C:\\Users\\pbria\\Desktop\\hrla19\\senior\\thesis\\wayfare-api\\rest-server\\src\\config\\database\\index.js": {"path":"C:\\Users\\pbria\\Desktop\\hrla19\\senior\\thesis\\wayfare-api\\rest-server\\src\\config\\database\\index.js","statementMap":{"0":{"start":{"line":1,"column":0},"end":{"line":1,"column":27}},"1":{"start":{"line":7,"column":15},"end":{"line":14,"column":1}},"2":{"start":{"line":19,"column":11},"end":{"line":19,"column":27}},"3":{"start":{"line":21,"column":0},"end":{"line":23,"column":3}},"4":{"start":{"line":22,"column":4},"end":{"line":22,"column":65}},"5":{"start":{"line":25,"column":0},"end":{"line":27,"column":3}},"6":{"start":{"line":26,"column":4},"end":{"line":26,"column":55}},"7":{"start":{"line":29,"column":0},"end":{"line":31,"column":3}},"8":{"start":{"line":30,"column":4},"end":{"line":30,"column":36}},"9":{"start":{"line":33,"column":0},"end":{"line":33,"column":13}},"10":{"start":{"line":35,"column":0},"end":{"line":35,"column":25}}},"fnMap":{"0":{"name":"(anonymous_0)","decl":{"start":{"line":21,"column":17},"end":{"line":21,"column":18}},"loc":{"start":{"line":21,"column":23},"end":{"line":23,"column":1}},"line":21},"1":{"name":"(anonymous_1)","decl":{"start":{"line":25,"column":16},"end":{"line":25,"column":17}},"loc":{"start":{"line":25,"column":26},"end":{"line":27,"column":1}},"line":25},"2":{"name":"(anonymous_2)","decl":{"start":{"line":29,"column":15},"end":{"line":29,"column":16}},"loc":{"start":{"line":29,"column":22},"end":{"line":31,"column":1}},"line":29}},"branchMap":{"0":{"loc":{"start":{"line":8,"column":10},"end":{"line":8,"column":95}},"type":"cond-expr","locations":[{"start":{"line":8,"column":50},"end":{"line":8,"column":70}},{"start":{"line":8,"column":73},"end":{"line":8,"column":95}}],"line":8},"1":{"loc":{"start":{"line":9,"column":10},"end":{"line":9,"column":95}},"type":"cond-expr","locations":[{"start":{"line":9,"column":50},"end":{"line":9,"column":70}},{"start":{"line":9,"column":73},"end":{"line":9,"column":95}}],"line":9},"2":{"loc":{"start":{"line":10,"column":14},"end":{"line":10,"column":107}},"type":"cond-expr","locations":[{"start":{"line":10,"column":54},"end":{"line":10,"column":78}},{"start":{"line":10,"column":81},"end":{"line":10,"column":107}}],"line":10},"3":{"loc":{"start":{"line":11,"column":14},"end":{"line":11,"column":107}},"type":"cond-expr","locations":[{"start":{"line":11,"column":54},"end":{"line":11,"column":78}},{"start":{"line":11,"column":81},"end":{"line":11,"column":107}}],"line":11},"4":{"loc":{"start":{"line":12,"column":10},"end":{"line":12,"column":95}},"type":"cond-expr","locations":[{"start":{"line":12,"column":50},"end":{"line":12,"column":70}},{"start":{"line":12,"column":73},"end":{"line":12,"column":95}}],"line":12}},"s":{"0":1,"1":1,"2":1,"3":1,"4":2,"5":1,"6":0,"7":1,"8":0,"9":1,"10":1},"f":{"0":2,"1":0,"2":0},"b":{"0":[0,1],"1":[0,1],"2":[0,1],"3":[0,1],"4":[0,1]},"_coverageSchema":"332fd63041d2c1bcb487cc26dd0d5f7d97098a6c","hash":"d88f75371aba13767c4c3d4835cf124823797862"}
,"C:\\Users\\pbria\\Desktop\\hrla19\\senior\\thesis\\wayfare-api\\rest-server\\src\\config\\express\\index.js": {"path":"C:\\Users\\pbria\\Desktop\\hrla19\\senior\\thesis\\wayfare-api\\rest-server\\src\\config\\express\\index.js","statementMap":{"0":{"start":{"line":8,"column":19},"end":{"line":16,"column":1}},"1":{"start":{"line":20,"column":4},"end":{"line":20,"column":29}},"2":{"start":{"line":21,"column":4},"end":{"line":21,"column":27}},"3":{"start":{"line":22,"column":4},"end":{"line":22,"column":23}},"4":{"start":{"line":26,"column":4},"end":{"line":26,"column":36}},"5":{"start":{"line":30,"column":4},"end":{"line":30,"column":37}}},"fnMap":{"0":{"name":"(anonymous_0)","decl":{"start":{"line":19,"column":2},"end":{"line":19,"column":3}},"loc":{"start":{"line":19,"column":16},"end":{"line":23,"column":3}},"line":19},"1":{"name":"(anonymous_1)","decl":{"start":{"line":25,"column":2},"end":{"line":25,"column":3}},"loc":{"start":{"line":25,"column":20},"end":{"line":27,"column":3}},"line":25},"2":{"name":"(anonymous_2)","decl":{"start":{"line":29,"column":2},"end":{"line":29,"column":3}},"loc":{"start":{"line":29,"column":16},"end":{"line":31,"column":3}},"line":29}},"branchMap":{},"s":{"0":1,"1":1,"2":1,"3":1,"4":1,"5":1},"f":{"0":1,"1":1,"2":1},"b":{},"_coverageSchema":"332fd63041d2c1bcb487cc26dd0d5f7d97098a6c","hash":"9301a85a3e288838dd39dcf981c6e30c44deeda0"}
,"C:\\Users\\pbria\\Desktop\\hrla19\\senior\\thesis\\wayfare-api\\rest-server\\src\\config\\global\\testGlobals.js": {"path":"C:\\Users\\pbria\\Desktop\\hrla19\\senior\\thesis\\wayfare-api\\rest-server\\src\\config\\global\\testGlobals.js","statementMap":{"0":{"start":{"line":1,"column":25},"end":{"line":1,"column":43}},"1":{"start":{"line":2,"column":24},"end":{"line":2,"column":41}},"2":{"start":{"line":3,"column":25},"end":{"line":3,"column":43}},"3":{"start":{"line":4,"column":24},"end":{"line":4,"column":37}},"4":{"start":{"line":5,"column":27},"end":{"line":5,"column":42}},"5":{"start":{"line":6,"column":26},"end":{"line":6,"column":46}},"6":{"start":{"line":7,"column":27},"end":{"line":7,"column":48}}},"fnMap":{},"branchMap":{},"s":{"0":1,"1":1,"2":1,"3":1,"4":1,"5":1,"6":1},"f":{},"b":{},"_coverageSchema":"332fd63041d2c1bcb487cc26dd0d5f7d97098a6c","hash":"6c8deea76556c9768eaf1cd303eaaac1652e4233"}
,"C:\\Users\\pbria\\Desktop\\hrla19\\senior\\thesis\\wayfare-api\\rest-server\\src\\routes\\index.js": {"path":"C:\\Users\\pbria\\Desktop\\hrla19\\senior\\thesis\\wayfare-api\\rest-server\\src\\routes\\index.js","statementMap":{"0":{"start":{"line":7,"column":15},"end":{"line":7,"column":31}},"1":{"start":{"line":9,"column":0},"end":{"line":9,"column":34}},"2":{"start":{"line":10,"column":0},"end":{"line":10,"column":32}}},"fnMap":{},"branchMap":{},"s":{"0":1,"1":1,"2":1},"f":{},"b":{},"_coverageSchema":"332fd63041d2c1bcb487cc26dd0d5f7d97098a6c","hash":"2fe3e08ecfff6d4fada44f4769ddaab05b30c5d9"}
}
