TN:
SF:C:\Users\pbria\Desktop\hrla19\senior\thesis\wayfare-api\rest-server\src\index.js
FN:13,(anonymous_0)
FNF:1
FNH:1
FNDA:1,(anonymous_0)
DA:8,1
DA:10,1
DA:11,1
DA:13,1
DA:14,1
DA:15,1
LF:6
LH:6
BRDA:11,0,0,1
BRDA:11,0,1,0
BRDA:14,1,0,0
BRDA:14,1,1,1
BRF:4
BRH:2
end_of_record
TN:
SF:C:\Users\pbria\Desktop\hrla19\senior\thesis\wayfare-api\rest-server\src\components\auth\authController.js
FN:19,(anonymous_0)
FN:42,(anonymous_1)
FN:63,(anonymous_2)
FN:65,(anonymous_3)
FN:68,(anonymous_4)
FNF:5
FNH:0
FNDA:0,(anonymous_0)
FNDA:0,(anonymous_1)
FNDA:0,(anonymous_2)
FNDA:0,(anonymous_3)
FNDA:0,(anonymous_4)
DA:8,1
DA:17,1
DA:19,1
DA:20,0
DA:21,0
DA:22,0
DA:23,0
DA:24,0
DA:25,0
DA:27,0
DA:28,0
DA:29,0
DA:30,0
DA:32,0
DA:33,0
DA:36,0
DA:37,0
DA:42,1
DA:43,0
DA:44,0
DA:45,0
DA:46,0
DA:48,0
DA:49,0
DA:50,0
DA:51,0
DA:52,0
DA:54,0
DA:55,0
DA:58,0
DA:59,0
DA:63,1
DA:64,0
DA:65,0
DA:66,0
DA:67,0
DA:69,0
DA:70,0
DA:74,0
LF:39
LH:5
BRF:0
BRH:0
end_of_record
TN:
SF:C:\Users\pbria\Desktop\hrla19\senior\thesis\wayfare-api\rest-server\src\components\auth\authQuery.js
FN:8,(anonymous_0)
FN:19,(anonymous_1)
FNF:2
FNH:0
FNDA:0,(anonymous_0)
FNDA:0,(anonymous_1)
DA:8,1
DA:9,0
DA:10,0
DA:11,0
DA:12,0
DA:13,0
DA:15,0
DA:19,1
DA:20,0
DA:21,0
DA:22,0
DA:24,0
DA:25,0
DA:27,0
LF:14
LH:2
BRF:0
BRH:0
end_of_record
TN:
SF:C:\Users\pbria\Desktop\hrla19\senior\thesis\wayfare-api\rest-server\src\components\auth\authRouter.js
FNF:0
FNH:0
DA:9,1
DA:11,1
DA:13,1
DA:15,1
LF:4
LH:4
BRF:0
BRH:0
end_of_record
TN:
SF:C:\Users\pbria\Desktop\hrla19\senior\thesis\wayfare-api\rest-server\src\components\auth\authSQLHelper.js
FN:1,(anonymous_0)
FN:9,(anonymous_1)
FNF:2
FNH:0
FNDA:0,(anonymous_0)
FNDA:0,(anonymous_1)
DA:1,1
DA:2,0
DA:9,1
DA:10,0
LF:4
LH:2
BRF:0
BRH:0
end_of_record
TN:
SF:C:\Users\pbria\Desktop\hrla19\senior\thesis\wayfare-api\rest-server\src\components\users\usersController.js
FN:6,(anonymous_0)
FN:17,(anonymous_1)
FNF:2
FNH:1
FNDA:2,(anonymous_0)
FNDA:0,(anonymous_1)
DA:6,1
DA:7,2
DA:8,2
DA:9,2
DA:10,2
DA:11,2
DA:13,0
DA:17,1
DA:18,0
DA:19,0
DA:20,0
DA:21,0
DA:22,0
DA:24,0
LF:14
LH:7
BRF:0
BRH:0
end_of_record
TN:
SF:C:\Users\pbria\Desktop\hrla19\senior\thesis\wayfare-api\rest-server\src\components\users\usersQuery.js
FN:8,(anonymous_0)
FN:19,(anonymous_1)
FNF:2
FNH:1
FNDA:2,(anonymous_0)
FNDA:0,(anonymous_1)
DA:8,1
DA:9,2
DA:10,2
DA:11,2
DA:12,2
DA:13,2
DA:15,0
DA:19,1
DA:20,0
DA:21,0
DA:22,0
DA:27,0
DA:28,0
DA:29,0
DA:31,0
LF:15
LH:7
BRF:0
BRH:0
end_of_record
TN:
SF:C:\Users\pbria\Desktop\hrla19\senior\thesis\wayfare-api\rest-server\src\components\users\usersRouter.js
FNF:0
FNH:0
DA:8,1
DA:10,1
DA:13,1
LF:3
LH:3
BRF:0
BRH:0
end_of_record
TN:
SF:C:\Users\pbria\Desktop\hrla19\senior\thesis\wayfare-api\rest-server\src\components\users\usersSQLHelper.js
FN:1,(anonymous_0)
FN:8,(anonymous_1)
FNF:2
FNH:1
FNDA:2,(anonymous_0)
FNDA:0,(anonymous_1)
DA:1,1
DA:2,2
DA:8,1
DA:9,0
DA:10,0
LF:5
LH:3
BRF:0
BRH:0
end_of_record
TN:
SF:C:\Users\pbria\Desktop\hrla19\senior\thesis\wayfare-api\rest-server\src\config\database\index.js
FN:21,(anonymous_0)
FN:25,(anonymous_1)
FN:29,(anonymous_2)
FNF:3
FNH:1
FNDA:2,(anonymous_0)
FNDA:0,(anonymous_1)
FNDA:0,(anonymous_2)
DA:1,1
DA:7,1
DA:19,1
DA:21,1
DA:22,2
DA:25,1
DA:26,0
DA:29,1
DA:30,0
DA:33,1
DA:35,1
LF:11
LH:9
BRDA:8,0,0,0
BRDA:8,0,1,1
BRDA:9,1,0,0
BRDA:9,1,1,1
BRDA:10,2,0,0
BRDA:10,2,1,1
BRDA:11,3,0,0
BRDA:11,3,1,1
BRDA:12,4,0,0
BRDA:12,4,1,1
BRF:10
BRH:5
end_of_record
TN:
SF:C:\Users\pbria\Desktop\hrla19\senior\thesis\wayfare-api\rest-server\src\config\express\index.js
FN:19,(anonymous_0)
FN:25,(anonymous_1)
FN:29,(anonymous_2)
FNF:3
FNH:3
FNDA:1,(anonymous_0)
FNDA:1,(anonymous_1)
FNDA:1,(anonymous_2)
DA:8,1
DA:20,1
DA:21,1
DA:22,1
DA:26,1
DA:30,1
LF:6
LH:6
BRF:0
BRH:0
end_of_record
TN:
SF:C:\Users\pbria\Desktop\hrla19\senior\thesis\wayfare-api\rest-server\src\config\global\testGlobals.js
FNF:0
FNH:0
DA:1,1
DA:2,1
DA:3,1
DA:4,1
DA:5,1
DA:6,1
DA:7,1
LF:7
LH:7
BRF:0
BRH:0
end_of_record
TN:
SF:C:\Users\pbria\Desktop\hrla19\senior\thesis\wayfare-api\rest-server\src\routes\index.js
FNF:0
FNH:0
DA:7,1
DA:9,1
DA:10,1
LF:3
LH:3
BRF:0
BRH:0
end_of_record
